0 info it worked if it ends with ok
1 verbose cli [ '/usr/local/Cellar/node/7.0.0/bin/node',
1 verbose cli   '/usr/local/bin/npm',
1 verbose cli   'publish' ]
2 info using npm@4.0.3
3 info using node@v7.0.0
4 verbose publish [ '.' ]
5 silly cache add args [ '.', null ]
6 verbose cache add spec .
7 silly cache add parsed spec Result {
7 silly cache add   raw: '.',
7 silly cache add   scope: null,
7 silly cache add   escapedName: null,
7 silly cache add   name: null,
7 silly cache add   rawSpec: '.',
7 silly cache add   spec: '/Users/Julian/OneDrive/Meteor/react-native-meteor-redux',
7 silly cache add   type: 'directory' }
8 verbose addLocalDirectory /Users/Julian/.npm/react-native-meteor-redux/1.1.19/package.tgz not in flight; packing
9 verbose correctMkdir /Users/Julian/.npm correctMkdir not in flight; initializing
10 info lifecycle react-native-meteor-redux@1.1.19~prepublish: react-native-meteor-redux@1.1.19
11 silly lifecycle react-native-meteor-redux@1.1.19~prepublish: no script for prepublish, continuing
12 info lifecycle react-native-meteor-redux@1.1.19~prepare: react-native-meteor-redux@1.1.19
13 silly lifecycle react-native-meteor-redux@1.1.19~prepare: no script for prepare, continuing
14 verbose tar pack [ '/Users/Julian/.npm/react-native-meteor-redux/1.1.19/package.tgz',
14 verbose tar pack   '/Users/Julian/OneDrive/Meteor/react-native-meteor-redux' ]
15 verbose tarball /Users/Julian/.npm/react-native-meteor-redux/1.1.19/package.tgz
16 verbose folder /Users/Julian/OneDrive/Meteor/react-native-meteor-redux
17 verbose addLocalTarball adding from inside cache /Users/Julian/.npm/react-native-meteor-redux/1.1.19/package.tgz
18 verbose correctMkdir /Users/Julian/.npm correctMkdir not in flight; initializing
19 silly cache afterAdd react-native-meteor-redux@1.1.19
20 verbose afterAdd /Users/Julian/.npm/react-native-meteor-redux/1.1.19/package/package.json not in flight; writing
21 verbose correctMkdir /Users/Julian/.npm correctMkdir not in flight; initializing
22 verbose afterAdd /Users/Julian/.npm/react-native-meteor-redux/1.1.19/package/package.json written
23 silly publish { name: 'react-native-meteor-redux',
23 silly publish   version: '1.1.19',
23 silly publish   description: 'Link react-native-meteor to redux',
23 silly publish   main: 'connectMeteorRedux.js',
23 silly publish   scripts: { test: 'echo "Error: no test specified" && exit 1' },
23 silly publish   repository:
23 silly publish    { type: 'git',
23 silly publish      url: 'git+https://github.com/DesignmanIO/react-native-meteor-redux.git' },
23 silly publish   keywords:
23 silly publish    [ 'react',
23 silly publish      'native',
23 silly publish      'react',
23 silly publish      'native',
23 silly publish      'meteor',
23 silly publish      'redux',
23 silly publish      'react',
23 silly publish      'native',
23 silly publish      'meteor',
23 silly publish      'redux' ],
23 silly publish   author: { name: 'Designman' },
23 silly publish   license: 'MIT',
23 silly publish   bugs: { url: 'https://github.com/DesignmanIO/react-native-meteor-redux/issues' },
23 silly publish   homepage: 'https://github.com/DesignmanIO/react-native-meteor-redux#readme',
23 silly publish   dependencies:
23 silly publish    { lodash: '^4.17.4',
23 silly publish      'next-frame': '^0.2.3',
23 silly publish      'react-native-meteor': '^1.0.3',
23 silly publish      redux: '^3.6.0',
23 silly publish      'redux-persist': '^4.0.1',
23 silly publish      events: '^1.1.1' },
23 silly publish   readme: '# react-native-meteor-redux\nLinks react-native-meteor to redux\n\n## Install\n`npm install react-native-meteor-redux`\n\n## Use\nAt it\'s basic level, `react-native-meteor-redux` will add any documents from minimongo to redux.\n````javascript\nimport initMeteorRedux from \'react-native-meteor-redux\';\n\nconst MeteorStore = initMeteorRedux(initialState, enhancers);\n\n// Now you can access MeteorStore as a redux store throughout your app.\nexport {MeteorStore};\n````\n\n## With Redux Persist\nThe real purpose of this package is to allow persisting through `redux-persist`\n### Initializing\n````javascript\n// myReduxStuff.js\nimport initMeteorRedux from \'react-native-meteor-redux\';\nimport {AsyncStorage} from \'react-native\';\nimport {persistStore, autoRehydrate} from \'redux-persist\';\n\nconst MeteorStore = initMeteorRedux(undefined, autoRehydrate());\n\n// Pick your storage option, I used AsyncStorage which makes sense for react-native\npersistStore(MeteorStore, {storage: AsyncStorage}, () => {\n  // Callback tells minimongo to use MeteorStore until connectivity is restored\n  MeteorStore.loaded()\n});\n\nexport {MeteorStore}\n````\n\n### Using cached collection\nYou should be able to find documents as normal. I\'m not sure what will happen if you do updates/inserts/removes when offline, let me know what happens :)\n\n````javascript\nimport {subscribeCached} from \'react-native-meteor-redux\';\nimport {MeteorStore} from \'../myReduxStuff\';\nimport Meteor, {createContainer} from \'react-native-meteor\';\n\nconst component = (props) => {\n  const {docs} = props;\n  return (\n    <View>\n      {\n        docs.map((doc) => {\n          <Text>{doc.title}, </Text>\n        });\n      }\n    </View>\n  )\n}\n\nexport createContainer((props) => {\n  const sub = subscribeCached(MeteorStore, \'example\', {user: \'Mikey\'});\n  return {\n    docs: Meteor.collection(\'docs\').find({}),\n  };\n}, component)\n````\n',
23 silly publish   readmeFilename: 'README.md',
23 silly publish   gitHead: 'eebe36c471b0a1f4818eab50f1c478bd3feb340b',
23 silly publish   _id: 'react-native-meteor-redux@1.1.19',
23 silly publish   _shasum: 'cc1b192440915498adcdbe045cb7b5c966672cd1',
23 silly publish   _from: '.' }
24 info lifecycle react-native-meteor-redux@1.1.19~prepublishOnly: react-native-meteor-redux@1.1.19
25 silly lifecycle react-native-meteor-redux@1.1.19~prepublishOnly: no script for prepublishOnly, continuing
26 verbose getPublishConfig undefined
27 silly mapToRegistry name react-native-meteor-redux
28 silly mapToRegistry using default registry
29 silly mapToRegistry registry https://registry.npmjs.org/
30 silly mapToRegistry data Result {
30 silly mapToRegistry   raw: 'react-native-meteor-redux',
30 silly mapToRegistry   scope: null,
30 silly mapToRegistry   escapedName: 'react-native-meteor-redux',
30 silly mapToRegistry   name: 'react-native-meteor-redux',
30 silly mapToRegistry   rawSpec: '',
30 silly mapToRegistry   spec: 'latest',
30 silly mapToRegistry   type: 'tag' }
31 silly mapToRegistry uri https://registry.npmjs.org/react-native-meteor-redux
32 verbose publish registryBase https://registry.npmjs.org/
33 silly publish uploading /Users/Julian/.npm/react-native-meteor-redux/1.1.19/package.tgz
34 verbose request uri https://registry.npmjs.org/react-native-meteor-redux
35 verbose request sending authorization for write operation
36 info attempt registry request try #1 at 3:29:52 PM
37 verbose request using bearer token for auth
38 verbose request id b470db53dadc4b56
39 http request PUT https://registry.npmjs.org/react-native-meteor-redux
40 http 403 https://registry.npmjs.org/react-native-meteor-redux
41 verbose headers { 'content-type': 'application/json',
41 verbose headers   'cache-control': 'max-age=300',
41 verbose headers   'content-length': '96',
41 verbose headers   'accept-ranges': 'bytes',
41 verbose headers   date: 'Mon, 27 Feb 2017 23:29:53 GMT',
41 verbose headers   via: '1.1 varnish',
41 verbose headers   connection: 'keep-alive',
41 verbose headers   'x-served-by': 'cache-lax8640-LAX',
41 verbose headers   'x-cache': 'MISS',
41 verbose headers   'x-cache-hits': '0',
41 verbose headers   'x-timer': 'S1488238193.167078,VS0,VE226',
41 verbose headers   vary: 'Accept-Encoding' }
42 verbose request invalidating /Users/Julian/.npm/registry.npmjs.org/react-native-meteor-redux on PUT
43 error publish Failed PUT 403
44 verbose stack Error: "You cannot publish over the previously published version 1.1.19." : react-native-meteor-redux
44 verbose stack     at makeError (/usr/local/lib/node_modules/npm/node_modules/npm-registry-client/lib/request.js:302:12)
44 verbose stack     at CachingRegistryClient.<anonymous> (/usr/local/lib/node_modules/npm/node_modules/npm-registry-client/lib/request.js:290:14)
44 verbose stack     at Request._callback (/usr/local/lib/node_modules/npm/node_modules/npm-registry-client/lib/request.js:210:14)
44 verbose stack     at Request.self.callback (/usr/local/lib/node_modules/npm/node_modules/request/request.js:186:22)
44 verbose stack     at emitTwo (events.js:106:13)
44 verbose stack     at Request.emit (events.js:191:7)
44 verbose stack     at Request.<anonymous> (/usr/local/lib/node_modules/npm/node_modules/request/request.js:1081:10)
44 verbose stack     at emitOne (events.js:96:13)
44 verbose stack     at Request.emit (events.js:188:7)
44 verbose stack     at IncomingMessage.<anonymous> (/usr/local/lib/node_modules/npm/node_modules/request/request.js:1001:12)
45 verbose statusCode 403
46 verbose pkgid react-native-meteor-redux
47 verbose cwd /Users/Julian/OneDrive/Meteor/react-native-meteor-redux
48 error Darwin 16.4.0
49 error argv "/usr/local/Cellar/node/7.0.0/bin/node" "/usr/local/bin/npm" "publish"
50 error node v7.0.0
51 error npm  v4.0.3
52 error code E403
53 error "You cannot publish over the previously published version 1.1.19." : react-native-meteor-redux
54 error If you need help, you may report this error at:
54 error     <https://github.com/npm/npm/issues>
55 verbose exit [ 1, true ]
